TN:
SF:source/index.js
FNF:0
FNH:0
DA:1,1
DA:2,1
DA:3,1
DA:4,1
DA:5,1
DA:6,1
DA:7,1
DA:8,1
DA:9,1
DA:10,1
DA:11,1
LF:11
LH:11
BRDA:11,0,0,1
BRF:1
BRH:1
end_of_record
TN:
SF:source/library/child-process-pool.js
FN:16,ChildProcessPool
FN:45,_createProcessInformation
FN:55,_createProcess
FN:59,_recreateProcess
FN:87,_attach
FN:91,process.on.processInformation.__onDisconnect
FN:103,process.on.processInformation.__onError
FN:116,process.on.processInformation.__onExit
FN:134,process.on.processInformation.__onTerminate
FN:149,_detach
FN:175,_onDisconnect
FN:179,_onError
FN:183,_onExit
FN:187,_onTerminate
FN:191,get _defaultParameter
FN:196,get parameter
FN:200,get _defaultOption
FN:207,get option
FN:211,get maximumNumberOfCreate
FN:215,get numberOfProcess
FN:219,_selectProcessInformation
FN:221,_getProcessInformation
FN:225,_getConnectedProcessInformation
FN:229,writeTo
FN:256,disconnect
FN:260,signal
FN:264,kill
FNF:27
FNH:18
FNDA:14,ChildProcessPool
FNDA:50,_createProcessInformation
FNDA:0,_createProcess
FNDA:3,_recreateProcess
FNDA:53,_attach
FNDA:51,process.on.processInformation.__onDisconnect
FNDA:0,process.on.processInformation.__onError
FNDA:52,process.on.processInformation.__onExit
FNDA:1,process.on.processInformation.__onTerminate
FNDA:3,_detach
FNDA:51,_onDisconnect
FNDA:0,_onError
FNDA:52,_onExit
FNDA:1,_onTerminate
FNDA:14,get _defaultParameter
FNDA:1,get parameter
FNDA:14,get _defaultOption
FNDA:4,get option
FNDA:0,get maximumNumberOfCreate
FNDA:0,get numberOfProcess
FNDA:0,_selectProcessInformation
FNDA:3,_getProcessInformation
FNDA:29,_getConnectedProcessInformation
FNDA:1,writeTo
FNDA:0,disconnect
FNDA:0,signal
FNDA:0,kill
DA:1,1
DA:2,1
DA:3,1
DA:4,1
DA:5,1
DA:6,1
DA:7,1
DA:8,1
DA:9,1
DA:10,1
DA:11,1
DA:12,1
DA:13,1
DA:14,1
DA:15,1
DA:16,1
DA:17,14
DA:18,14
DA:19,14
DA:20,14
DA:21,14
DA:22,14
DA:23,14
DA:24,14
DA:25,14
DA:26,14
DA:27,50
DA:28,50
DA:29,14
DA:30,14
DA:31,14
DA:32,14
DA:33,14
DA:34,14
DA:35,14
DA:36,14
DA:37,14
DA:38,14
DA:39,14
DA:40,14
DA:41,14
DA:42,14
DA:43,14
DA:44,1
DA:45,1
DA:46,50
DA:47,50
DA:48,50
DA:49,50
DA:50,50
DA:51,50
DA:52,50
DA:53,50
DA:54,1
DA:55,1
DA:56,0
DA:57,0
DA:58,1
DA:59,1
DA:60,3
DA:61,3
DA:62,3
DA:63,3
DA:64,3
DA:65,3
DA:66,3
DA:67,3
DA:68,3
DA:69,3
DA:70,3
DA:71,3
DA:72,3
DA:73,3
DA:74,3
DA:75,3
DA:76,3
DA:77,3
DA:78,3
DA:79,3
DA:80,1
DA:81,1
DA:82,3
DA:83,3
DA:84,3
DA:85,3
DA:86,1
DA:87,1
DA:88,53
DA:89,53
DA:90,53
DA:91,53
DA:92,51
DA:93,51
DA:94,51
DA:95,51
DA:96,1
DA:97,1
DA:98,1
DA:99,1
DA:100,51
DA:101,51
DA:102,53
DA:103,53
DA:104,0
DA:105,0
DA:106,0
DA:107,0
DA:108,0
DA:109,1
DA:110,1
DA:111,1
DA:112,1
DA:113,0
DA:114,0
DA:115,53
DA:116,53
DA:117,52
DA:118,52
DA:119,52
DA:120,52
DA:121,52
DA:122,52
DA:123,52
DA:124,2
DA:125,2
DA:126,52
DA:127,1
DA:128,1
DA:129,1
DA:130,1
DA:131,52
DA:132,52
DA:133,53
DA:134,53
DA:135,1
DA:136,1
DA:137,1
DA:138,1
DA:139,1
DA:140,1
DA:141,1
DA:142,1
DA:143,1
DA:144,1
DA:145,1
DA:146,53
DA:147,53
DA:148,1
DA:149,1
DA:150,3
DA:151,3
DA:152,3
DA:153,3
DA:154,3
DA:155,3
DA:156,3
DA:157,3
DA:158,3
DA:159,3
DA:160,3
DA:161,3
DA:162,3
DA:163,3
DA:164,3
DA:165,3
DA:166,3
DA:167,3
DA:168,3
DA:169,3
DA:170,3
DA:171,3
DA:172,3
DA:173,3
DA:174,1
DA:175,1
DA:176,51
DA:177,51
DA:178,1
DA:179,1
DA:180,0
DA:181,0
DA:182,1
DA:183,1
DA:184,52
DA:185,52
DA:186,1
DA:187,1
DA:188,1
DA:189,1
DA:190,1
DA:191,1
DA:192,14
DA:193,14
DA:194,1
DA:195,1
DA:196,1
DA:197,1
DA:198,1
DA:199,1
DA:200,1
DA:201,14
DA:202,14
DA:203,14
DA:204,14
DA:205,14
DA:206,1
DA:207,1
DA:208,4
DA:209,4
DA:210,1
DA:211,1
DA:212,0
DA:213,0
DA:214,1
DA:215,1
DA:216,0
DA:217,0
DA:218,1
DA:219,1
DA:220,1
DA:221,1
DA:222,3
DA:223,3
DA:224,1
DA:225,1
DA:226,29
DA:227,29
DA:228,1
DA:229,1
DA:230,1
DA:231,1
DA:232,1
DA:233,1
DA:234,1
DA:235,1
DA:236,1
DA:237,1
DA:238,1
DA:239,1
DA:240,1
DA:241,1
DA:242,1
DA:243,1
DA:244,1
DA:245,1
DA:246,1
DA:247,1
DA:248,1
DA:249,1
DA:250,1
DA:251,1
DA:252,1
DA:253,1
DA:254,1
DA:255,1
DA:256,1
DA:257,0
DA:258,0
DA:259,1
DA:260,1
DA:261,0
DA:262,0
DA:263,1
DA:264,1
DA:265,0
DA:266,0
DA:267,1
DA:268,1
DA:269,1
DA:270,1
LF:270
LH:249
BRDA:270,0,0,1
BRDA:16,1,0,14
BRDA:23,2,0,0
BRDA:26,3,0,50
BRDA:41,4,0,50
BRDA:45,5,0,50
BRDA:59,6,0,3
BRDA:79,7,0,1
BRDA:87,8,0,53
BRDA:91,9,0,51
BRDA:97,10,0,1
BRDA:116,11,0,52
BRDA:123,12,0,2
BRDA:128,13,0,1
BRDA:134,14,0,1
BRDA:141,15,0,1
BRDA:149,16,0,3
BRDA:175,17,0,51
BRDA:183,18,0,52
BRDA:187,19,0,1
BRDA:191,20,0,14
BRDA:200,21,0,14
BRDA:207,22,0,4
BRDA:221,23,0,3
BRDA:225,24,0,29
BRDA:226,25,0,89
BRDA:229,26,0,1
BRDA:235,27,0,1
BRDA:242,28,0,1
BRF:29
BRH:28
end_of_record
TN:
SF:source/library/child-process.js
FN:14,ChildProcess
FN:39,_createProcess
FN:41,_attach
FN:43,_process.on.__onMessage
FN:56,_process.on.__onDisconnect
FN:68,_process.on.__onError
FN:84,_process.on.__onExit
FN:111,_detach
FN:135,_onMessage
FN:139,_onDisconnect
FN:143,_onError
FN:147,_onExit
FN:151,_onTerminate
FN:156,get path
FN:160,get _defaultParameter
FN:165,get parameter
FN:169,get _defaultOption
FN:176,get option
FN:180,get console
FN:184,get pid
FN:188,get isConnected
FN:192,writeTo
FN:220,send
FN:240,disconnect
FN:244,signal
FN:255,kill
FNF:26
FNH:22
FNDA:53,ChildProcess
FNDA:1,_createProcess
FNDA:53,_attach
FNDA:71,_process.on.__onMessage
FNDA:51,_process.on.__onDisconnect
FNDA:0,_process.on.__onError
FNDA:53,_process.on.__onExit
FNDA:53,_detach
FNDA:71,_onMessage
FNDA:51,_onDisconnect
FNDA:0,_onError
FNDA:52,_onExit
FNDA:1,_onTerminate
FNDA:1,get path
FNDA:53,get _defaultParameter
FNDA:1,get parameter
FNDA:53,get _defaultOption
FNDA:380,get option
FNDA:0,get console
FNDA:0,get pid
FNDA:89,get isConnected
FNDA:2,writeTo
FNDA:69,send
FNDA:3,disconnect
FNDA:1,signal
FNDA:1,kill
DA:1,1
DA:2,1
DA:3,1
DA:4,1
DA:5,1
DA:6,1
DA:7,1
DA:8,1
DA:9,1
DA:10,1
DA:11,1
DA:12,1
DA:13,1
DA:14,1
DA:15,53
DA:16,53
DA:17,53
DA:18,53
DA:19,53
DA:20,53
DA:21,53
DA:22,53
DA:23,53
DA:24,53
DA:25,53
DA:26,53
DA:27,53
DA:28,53
DA:29,53
DA:30,53
DA:31,53
DA:32,53
DA:33,53
DA:34,53
DA:35,53
DA:36,53
DA:37,1
DA:38,1
DA:39,1
DA:40,1
DA:41,1
DA:42,53
DA:43,53
DA:44,71
DA:45,71
DA:46,71
DA:47,71
DA:48,71
DA:49,1
DA:50,1
DA:51,1
DA:52,1
DA:53,71
DA:54,71
DA:55,53
DA:56,53
DA:57,51
DA:58,51
DA:59,51
DA:60,51
DA:61,1
DA:62,1
DA:63,1
DA:64,1
DA:65,51
DA:66,51
DA:67,53
DA:68,53
DA:69,0
DA:70,0
DA:71,0
DA:72,0
DA:73,0
DA:74,0
DA:75,1
DA:76,1
DA:77,1
DA:78,1
DA:79,0
DA:80,0
DA:81,0
DA:82,0
DA:83,53
DA:84,53
DA:85,53
DA:86,53
DA:87,53
DA:88,53
DA:89,53
DA:90,53
DA:91,53
DA:92,1
DA:93,1
DA:94,1
DA:95,1
DA:96,1
DA:97,1
DA:98,1
DA:99,53
DA:100,1
DA:101,1
DA:102,1
DA:103,1
DA:104,53
DA:105,53
DA:106,53
DA:107,53
DA:108,53
DA:109,53
DA:110,1
DA:111,1
DA:112,53
DA:113,53
DA:114,53
DA:115,53
DA:116,53
DA:117,53
DA:118,53
DA:119,53
DA:120,53
DA:121,53
DA:122,53
DA:123,53
DA:124,53
DA:125,53
DA:126,53
DA:127,53
DA:128,53
DA:129,53
DA:130,53
DA:131,53
DA:132,53
DA:133,53
DA:134,1
DA:135,1
DA:136,71
DA:137,71
DA:138,1
DA:139,1
DA:140,51
DA:141,51
DA:142,1
DA:143,1
DA:144,0
DA:145,0
DA:146,1
DA:147,1
DA:148,52
DA:149,52
DA:150,1
DA:151,1
DA:152,1
DA:153,1
DA:154,1
DA:155,1
DA:156,1
DA:157,1
DA:158,1
DA:159,1
DA:160,1
DA:161,53
DA:162,53
DA:163,1
DA:164,1
DA:165,1
DA:166,1
DA:167,1
DA:168,1
DA:169,1
DA:170,53
DA:171,53
DA:172,53
DA:173,53
DA:174,53
DA:175,1
DA:176,1
DA:177,380
DA:178,380
DA:179,1
DA:180,1
DA:181,0
DA:182,0
DA:183,1
DA:184,1
DA:185,0
DA:186,0
DA:187,1
DA:188,1
DA:189,89
DA:190,89
DA:191,1
DA:192,1
DA:193,2
DA:194,2
DA:195,2
DA:196,2
DA:197,1
DA:198,1
DA:199,1
DA:200,1
DA:201,2
DA:202,2
DA:203,2
DA:204,2
DA:205,2
DA:206,2
DA:207,2
DA:208,2
DA:209,2
DA:210,2
DA:211,2
DA:212,2
DA:213,2
DA:214,2
DA:215,2
DA:216,2
DA:217,2
DA:218,2
DA:219,1
DA:220,1
DA:221,69
DA:222,69
DA:223,69
DA:224,69
DA:225,69
DA:226,69
DA:227,69
DA:228,69
DA:229,0
DA:230,0
DA:231,0
DA:232,0
DA:233,69
DA:234,69
DA:235,69
DA:236,69
DA:237,69
DA:238,69
DA:239,1
DA:240,1
DA:241,3
DA:242,3
DA:243,1
DA:244,1
DA:245,1
DA:246,1
DA:247,0
DA:248,1
DA:249,1
DA:250,1
DA:251,1
DA:252,1
DA:253,1
DA:254,1
DA:255,1
DA:256,1
DA:257,1
DA:258,1
DA:259,1
DA:260,1
DA:261,1
LF:261
LH:240
BRDA:261,0,0,1
BRDA:14,1,0,53
BRDA:41,2,0,53
BRDA:43,3,0,71
BRDA:50,4,0,1
BRDA:56,5,0,51
BRDA:62,6,0,1
BRDA:84,7,0,53
BRDA:85,8,0,52
BRDA:85,9,0,1
BRDA:91,10,0,52
BRDA:91,11,0,1
BRDA:94,12,0,1
BRDA:101,13,0,1
BRDA:111,14,0,53
BRDA:135,15,0,71
BRDA:139,16,0,51
BRDA:147,17,0,52
BRDA:151,18,0,1
BRDA:160,19,0,53
BRDA:169,20,0,53
BRDA:176,21,0,380
BRDA:188,22,0,89
BRDA:192,23,0,2
BRDA:201,24,0,0
BRDA:220,25,0,69
BRDA:224,26,0,69
BRDA:226,27,0,69
BRDA:228,28,0,0
BRDA:240,29,0,3
BRDA:244,30,0,1
BRDA:246,31,0,0
BRDA:255,32,0,1
BRF:33
BRH:30
end_of_record
TN:
SF:source/library/create-worker-server.js
FNF:0
FNH:0
DA:1,1
DA:2,1
DA:3,1
DA:4,1
DA:5,1
DA:6,1
DA:7,1
DA:8,1
DA:9,1
DA:10,1
DA:11,1
DA:12,1
DA:13,1
DA:14,1
DA:15,1
DA:16,1
DA:17,1
DA:18,1
DA:19,1
DA:20,1
DA:21,1
DA:22,1
DA:23,1
DA:24,1
DA:25,1
DA:26,1
DA:27,1
DA:28,1
DA:29,1
DA:30,1
DA:31,1
DA:32,1
DA:33,1
DA:34,1
DA:35,1
DA:36,1
DA:37,1
DA:38,1
DA:39,1
LF:39
LH:39
BRDA:39,0,0,52
BRDA:13,1,0,52
BRDA:32,2,0,0
BRF:3
BRH:2
end_of_record
TN:
SF:source/library/forked-process.js
FN:7,ForkedProcess
FN:11,_createProcess
FNF:2
FNH:2
FNDA:53,ForkedProcess
FNDA:53,_createProcess
DA:1,1
DA:2,1
DA:3,1
DA:4,1
DA:5,1
DA:6,1
DA:7,1
DA:8,53
DA:9,53
DA:10,1
DA:11,1
DA:12,53
DA:13,53
DA:14,1
DA:15,1
DA:16,1
DA:17,1
LF:17
LH:17
BRDA:17,0,0,1
BRDA:7,1,0,53
BRDA:11,2,0,53
BRF:3
BRH:3
end_of_record
TN:
SF:source/library/null-handler.js
FN:3,get
FNF:1
FNH:1
FNDA:200,get
DA:1,1
DA:2,1
DA:3,1
DA:4,200
DA:5,200
DA:6,1
DA:7,1
DA:8,1
DA:9,1
LF:9
LH:9
BRDA:9,0,0,1
BRDA:3,1,0,200
BRDA:4,2,0,200
BRF:3
BRH:3
end_of_record
TN:
SF:source/library/null.js
FN:5,Null
FNF:1
FNH:1
FNDA:120,Null
DA:1,1
DA:2,1
DA:3,1
DA:4,1
DA:5,1
DA:6,120
DA:7,120
DA:8,1
DA:9,1
DA:10,1
DA:11,1
LF:11
LH:11
BRDA:11,0,0,1
BRDA:5,1,0,120
BRF:2
BRH:2
end_of_record
TN:
SF:source/library/worker-client-module-handler.js
FN:6,get
FNF:1
FNH:1
FNDA:3,get
DA:1,1
DA:2,1
DA:3,1
DA:4,1
DA:5,1
DA:6,1
DA:7,3
DA:8,3
DA:9,0
DA:10,0
DA:11,0
DA:12,0
DA:13,3
DA:14,3
DA:15,1
DA:16,1
DA:17,1
DA:18,1
LF:18
LH:14
BRDA:18,0,0,1
BRDA:6,1,0,3
BRDA:8,2,0,0
BRDA:9,3,0,3
BRF:4
BRH:3
end_of_record
TN:
SF:source/library/worker-client-parameter.js
FN:7,getConstructorParameter
FNF:1
FNH:1
FNDA:67,getConstructorParameter
DA:1,1
DA:2,1
DA:3,1
DA:4,1
DA:5,1
DA:6,1
DA:7,1
DA:8,67
DA:9,67
DA:10,67
DA:11,67
DA:12,67
DA:13,67
DA:14,67
DA:15,67
DA:16,4
DA:17,4
DA:18,4
DA:19,4
DA:20,67
DA:21,8
DA:22,8
DA:23,8
DA:24,1
DA:25,1
DA:26,1
DA:27,1
DA:28,8
DA:29,7
DA:30,7
DA:31,8
DA:32,8
DA:33,8
DA:34,8
DA:35,67
DA:36,2
DA:37,2
DA:38,2
DA:39,2
DA:40,2
DA:41,2
DA:42,2
DA:43,2
DA:44,0
DA:45,0
DA:46,2
DA:47,2
DA:48,2
DA:49,2
DA:50,67
DA:51,53
DA:52,53
DA:53,67
DA:54,67
DA:55,67
DA:56,67
DA:57,67
DA:58,67
DA:59,1
DA:60,1
DA:61,1
DA:62,1
LF:62
LH:60
BRDA:62,0,0,1
BRDA:7,1,0,67
BRDA:15,2,0,4
BRDA:20,3,0,8
BRDA:23,4,0,1
BRDA:28,5,0,7
BRDA:35,6,0,2
BRDA:43,7,0,0
BRDA:50,8,0,53
BRF:9
BRH:8
end_of_record
TN:
SF:source/library/worker-client.js
FN:20,WorkerClient
FN:33,get _defaultOption
FN:37,_onMessage
FN:46,_onReady
FN:50,_onPing
FN:58,_onApply
FN:66,_onDisconnect
FN:71,_onError
FN:76,_onExit
FN:81,_onTerminate
FN:86,_onReject
FN:90,get maximumDuration
FN:94,set maximumDuration
FN:98,get module
FN:106,whenReady
FN:115,whenMessageType
FN:124,onMessage
FN:147,onReject
FN:189,whenRejected
FN:197,onReject
FN:237,send
FN:252,ping
FN:269,apply
FN:286,end
FN:304,disconnect
FN:309,kill
FNF:26
FNH:23
FNDA:53,WorkerClient
FNDA:53,get _defaultOption
FNDA:71,_onMessage
FNDA:49,_onReady
FNDA:19,_onPing
FNDA:3,_onApply
FNDA:51,_onDisconnect
FNDA:0,_onError
FNDA:52,_onExit
FNDA:1,_onTerminate
FNDA:104,_onReject
FNDA:366,get maximumDuration
FNDA:14,set maximumDuration
FNDA:0,get module
FNDA:69,whenReady
FNDA:71,whenMessageType
FNDA:71,onMessage
FNDA:0,onReject
FNDA:51,whenRejected
FNDA:97,onReject
FNDA:22,send
FNDA:19,ping
FNDA:3,apply
FNDA:47,end
FNDA:3,disconnect
FNDA:1,kill
DA:1,1
DA:2,1
DA:3,1
DA:4,1
DA:5,1
DA:6,1
DA:7,1
DA:8,1
DA:9,1
DA:10,1
DA:11,1
DA:12,1
DA:13,1
DA:14,1
DA:15,1
DA:16,1
DA:17,1
DA:18,1
DA:19,1
DA:20,1
DA:21,53
DA:22,53
DA:23,53
DA:24,53
DA:25,53
DA:26,53
DA:27,53
DA:28,1
DA:29,1
DA:30,1
DA:31,1
DA:32,1
DA:33,1
DA:34,53
DA:35,53
DA:36,1
DA:37,1
DA:38,71
DA:39,71
DA:40,71
DA:41,71
DA:42,71
DA:43,71
DA:44,71
DA:45,1
DA:46,1
DA:47,49
DA:48,49
DA:49,1
DA:50,1
DA:51,19
DA:52,19
DA:53,1
DA:54,1
DA:55,1
DA:56,1
DA:57,1
DA:58,1
DA:59,3
DA:60,3
DA:61,1
DA:62,1
DA:63,1
DA:64,1
DA:65,1
DA:66,1
DA:67,51
DA:68,51
DA:69,51
DA:70,1
DA:71,1
DA:72,0
DA:73,0
DA:74,0
DA:75,1
DA:76,1
DA:77,52
DA:78,52
DA:79,52
DA:80,1
DA:81,1
DA:82,1
DA:83,1
DA:84,1
DA:85,1
DA:86,1
DA:87,104
DA:88,104
DA:89,1
DA:90,1
DA:91,366
DA:92,366
DA:93,1
DA:94,1
DA:95,14
DA:96,14
DA:97,1
DA:98,1
DA:99,0
DA:100,0
DA:101,1
DA:102,1
DA:103,1
DA:104,1
DA:105,1
DA:106,1
DA:107,69
DA:108,69
DA:109,49
DA:110,49
DA:111,49
DA:112,69
DA:113,69
DA:114,1
DA:115,1
DA:116,71
DA:117,71
DA:118,71
DA:119,71
DA:120,71
DA:121,71
DA:122,71
DA:123,71
DA:124,71
DA:125,71
DA:126,71
DA:127,71
DA:128,71
DA:129,71
DA:130,71
DA:131,71
DA:132,71
DA:133,71
DA:134,71
DA:135,71
DA:136,71
DA:137,71
DA:138,71
DA:139,71
DA:140,71
DA:141,71
DA:142,71
DA:143,71
DA:144,71
DA:145,71
DA:146,71
DA:147,71
DA:148,0
DA:149,0
DA:150,0
DA:151,0
DA:152,0
DA:153,0
DA:154,0
DA:155,0
DA:156,0
DA:157,0
DA:158,0
DA:159,0
DA:160,0
DA:161,0
DA:162,0
DA:163,0
DA:164,0
DA:165,71
DA:166,71
DA:167,71
DA:168,71
DA:169,0
DA:170,0
DA:171,0
DA:172,0
DA:173,0
DA:174,0
DA:175,0
DA:176,0
DA:177,0
DA:178,0
DA:179,0
DA:180,0
DA:181,71
DA:182,71
DA:183,71
DA:184,71
DA:185,71
DA:186,71
DA:187,71
DA:188,1
DA:189,1
DA:190,51
DA:191,51
DA:192,51
DA:193,51
DA:194,51
DA:195,51
DA:196,51
DA:197,51
DA:198,97
DA:199,97
DA:200,97
DA:201,97
DA:202,51
DA:203,51
DA:204,51
DA:205,51
DA:206,51
DA:207,51
DA:208,51
DA:209,51
DA:210,51
DA:211,51
DA:212,51
DA:213,51
DA:214,97
DA:215,97
DA:216,51
DA:217,51
DA:218,51
DA:219,51
DA:220,0
DA:221,0
DA:222,0
DA:223,0
DA:224,0
DA:225,0
DA:226,0
DA:227,0
DA:228,0
DA:229,51
DA:230,51
DA:231,51
DA:232,51
DA:233,51
DA:234,51
DA:235,51
DA:236,1
DA:237,1
DA:238,22
DA:239,22
DA:240,22
DA:241,22
DA:242,22
DA:243,22
DA:244,22
DA:245,0
DA:246,0
DA:247,22
DA:248,22
DA:249,22
DA:250,22
DA:251,1
DA:252,1
DA:253,19
DA:254,19
DA:255,19
DA:256,1
DA:257,1
DA:258,1
DA:259,1
DA:260,1
DA:261,1
DA:262,1
DA:263,1
DA:264,1
DA:265,1
DA:266,1
DA:267,1
DA:268,1
DA:269,1
DA:270,3
DA:271,3
DA:272,3
DA:273,1
DA:274,1
DA:275,1
DA:276,1
DA:277,1
DA:278,1
DA:279,1
DA:280,1
DA:281,1
DA:282,1
DA:283,1
DA:284,1
DA:285,1
DA:286,1
DA:287,47
DA:288,47
DA:289,47
DA:290,47
DA:291,1
DA:292,1
DA:293,1
DA:294,1
DA:295,1
DA:296,1
DA:297,1
DA:298,1
DA:299,1
DA:300,1
DA:301,1
DA:302,1
DA:303,1
DA:304,1
DA:305,3
DA:306,3
DA:307,3
DA:308,1
DA:309,1
DA:310,1
DA:311,1
DA:312,1
DA:313,1
DA:314,1
DA:315,1
DA:316,1
LF:316
LH:271
BRDA:316,0,0,1
BRDA:20,1,0,53
BRDA:33,2,0,53
BRDA:37,3,0,71
BRDA:46,4,0,49
BRDA:50,5,0,19
BRDA:58,6,0,3
BRDA:66,7,0,51
BRDA:76,8,0,52
BRDA:81,9,0,1
BRDA:86,10,0,104
BRDA:90,11,0,366
BRDA:94,12,0,14
BRDA:106,13,0,69
BRDA:108,14,0,49
BRDA:115,15,0,71
BRDA:118,16,0,71
BRDA:124,17,0,71
BRDA:189,18,0,51
BRDA:192,19,0,51
BRDA:197,20,0,97
BRDA:201,21,0,51
BRDA:237,22,0,22
BRDA:244,23,0,0
BRDA:252,24,0,19
BRDA:269,25,0,3
BRDA:286,26,0,47
BRDA:304,27,0,3
BRDA:309,28,0,1
BRF:29
BRH:28
end_of_record
TN:
SF:source/library/worker-pool-module-handler.js
FN:5,get
FNF:1
FNH:1
FNDA:3,get
DA:1,1
DA:2,1
DA:3,1
DA:4,1
DA:5,1
DA:6,3
DA:7,3
DA:8,1
DA:9,1
DA:10,1
DA:11,1
LF:11
LH:11
BRDA:11,0,0,1
BRDA:5,1,0,3
BRF:2
BRH:2
end_of_record
TN:
SF:source/library/worker-pool-parameter.js
FN:5,getConstructorParameter
FNF:1
FNH:1
FNDA:14,getConstructorParameter
DA:1,1
DA:2,1
DA:3,1
DA:4,1
DA:5,1
DA:6,14
DA:7,14
DA:8,1
DA:9,1
DA:10,1
DA:11,1
LF:11
LH:11
BRDA:11,0,0,1
BRDA:5,1,0,14
BRF:2
BRH:2
end_of_record
TN:
SF:source/library/worker-pool.js
FN:15,WorkerPool
FN:22,_createProcess
FN:26,_selectProcessInformation
FN:31,get maximumDuration
FN:35,set maximumDuration
FN:40,get module
FN:44,ping
FN:81,apply
FN:104,end
FN:140,disconnect
FN:152,kill
FNF:11
FNH:11
FNDA:14,WorkerPool
FNDA:53,_createProcess
FNDA:3,_selectProcessInformation
FNDA:2,get maximumDuration
FNDA:2,set maximumDuration
FNDA:3,get module
FNDA:9,ping
FNDA:3,apply
FNDA:12,end
FNDA:4,disconnect
FNDA:2,kill
DA:1,1
DA:2,1
DA:3,1
DA:4,1
DA:5,1
DA:6,1
DA:7,1
DA:8,1
DA:9,1
DA:10,1
DA:11,1
DA:12,1
DA:13,1
DA:14,1
DA:15,1
DA:16,14
DA:17,14
DA:18,14
DA:19,14
DA:20,14
DA:21,1
DA:22,1
DA:23,53
DA:24,53
DA:25,1
DA:26,1
DA:27,3
DA:28,3
DA:29,3
DA:30,1
DA:31,1
DA:32,2
DA:33,2
DA:34,1
DA:35,1
DA:36,2
DA:37,2
DA:38,2
DA:39,1
DA:40,1
DA:41,3
DA:42,3
DA:43,1
DA:44,1
DA:45,9
DA:46,9
DA:47,9
DA:48,9
DA:49,2
DA:50,2
DA:51,2
DA:52,2
DA:53,2
DA:54,2
DA:55,2
DA:56,2
DA:57,2
DA:58,2
DA:59,0
DA:60,0
DA:61,1
DA:62,1
DA:63,1
DA:64,1
DA:65,1
DA:66,1
DA:67,1
DA:68,1
DA:69,1
DA:70,1
DA:71,1
DA:72,1
DA:73,1
DA:74,1
DA:75,1
DA:76,1
DA:77,1
DA:78,1
DA:79,1
DA:80,1
DA:81,1
DA:82,3
DA:83,3
DA:84,1
DA:85,1
DA:86,1
DA:87,1
DA:88,1
DA:89,1
DA:90,1
DA:91,1
DA:92,1
DA:93,1
DA:94,1
DA:95,1
DA:96,1
DA:97,1
DA:98,1
DA:99,1
DA:100,1
DA:101,1
DA:102,1
DA:103,1
DA:104,1
DA:105,12
DA:106,12
DA:107,12
DA:108,12
DA:109,1
DA:110,1
DA:111,1
DA:112,1
DA:113,0
DA:114,0
DA:115,1
DA:116,1
DA:117,1
DA:118,1
DA:119,1
DA:120,1
DA:121,1
DA:122,1
DA:123,1
DA:124,1
DA:125,1
DA:126,1
DA:127,1
DA:128,1
DA:129,1
DA:130,1
DA:131,1
DA:132,1
DA:133,1
DA:134,1
DA:135,1
DA:136,1
DA:137,1
DA:138,1
DA:139,1
DA:140,1
DA:141,4
DA:142,4
DA:143,4
DA:144,4
DA:145,1
DA:146,1
DA:147,1
DA:148,1
DA:149,0
DA:150,0
DA:151,1
DA:152,1
DA:153,2
DA:154,2
DA:155,2
DA:156,2
DA:157,1
DA:158,1
DA:159,1
DA:160,1
DA:161,0
DA:162,0
DA:163,1
DA:164,1
DA:165,1
DA:166,1
LF:166
LH:158
BRDA:166,0,0,1
BRDA:15,1,0,14
BRDA:22,2,0,53
BRDA:26,3,0,3
BRDA:31,4,0,2
BRDA:35,5,0,2
BRDA:37,6,0,14
BRDA:40,7,0,3
BRDA:44,8,0,9
BRDA:48,9,0,7
BRDA:48,10,0,2
BRDA:58,11,0,0
BRDA:51,12,0,19
BRDA:52,13,0,19
BRDA:52,14,0,12
BRDA:52,15,0,11
BRDA:52,16,0,8
BRDA:81,17,0,3
BRDA:104,18,0,12
BRDA:108,19,0,11
BRDA:108,20,0,1
BRDA:112,21,0,0
BRDA:109,22,0,47
BRDA:140,23,0,4
BRDA:144,24,0,3
BRDA:144,25,0,1
BRDA:148,26,0,0
BRDA:145,27,0,3
BRDA:152,28,0,2
BRDA:156,29,0,1
BRDA:160,30,0,0
BRDA:157,31,0,1
BRF:32
BRH:28
end_of_record
TN:
SF:source/library/worker-server.js
FN:18,WorkerServer
FN:29,get defaultOption
FN:33,_attach
FN:35,Process.on.__onMessage
FN:49,Process.on.__onDisconnect
FN:62,Process.on.__onExit
FN:88,_detachReadyInterval
FN:97,_detachDisconnect
FN:106,_detach
FN:124,import
FN:135,send
FN:163,_onMessage
FN:168,_onPing
FN:225,_onApply
FN:319,_onEnd
FNF:15
FNH:15
FNDA:52,WorkerServer
FNDA:52,get defaultOption
FNDA:52,_attach
FNDA:69,Process.on.__onMessage
FNDA:3,Process.on.__onDisconnect
FNDA:52,Process.on.__onExit
FNDA:124,_detachReadyInterval
FNDA:55,_detachDisconnect
FNDA:52,_detach
FNDA:52,import
FNDA:71,send
FNDA:69,_onMessage
FNDA:19,_onPing
FNDA:3,_onApply
FNDA:47,_onEnd
DA:1,1
DA:2,1
DA:3,1
DA:4,1
DA:5,1
DA:6,1
DA:7,1
DA:8,1
DA:9,1
DA:10,1
DA:11,1
DA:12,1
DA:13,1
DA:14,1
DA:15,1
DA:16,1
DA:17,1
DA:18,1
DA:19,52
DA:20,52
DA:21,52
DA:22,52
DA:23,52
DA:24,52
DA:25,52
DA:26,52
DA:27,52
DA:28,1
DA:29,1
DA:30,52
DA:31,52
DA:32,1
DA:33,1
DA:34,52
DA:35,52
DA:36,69
DA:37,69
DA:38,69
DA:39,69
DA:40,69
DA:41,69
DA:42,1
DA:43,1
DA:44,1
DA:45,1
DA:46,22
DA:47,22
DA:48,52
DA:49,52
DA:50,3
DA:51,3
DA:52,3
DA:53,3
DA:54,3
DA:55,1
DA:56,1
DA:57,1
DA:58,1
DA:59,3
DA:60,3
DA:61,52
DA:62,52
DA:63,52
DA:64,52
DA:65,52
DA:66,52
DA:67,1
DA:68,1
DA:69,1
DA:70,1
DA:71,52
DA:72,52
DA:73,52
DA:74,52
DA:75,49
DA:76,49
DA:77,49
DA:78,1
DA:79,1
DA:80,1
DA:81,1
DA:82,1
DA:83,49
DA:84,52
DA:85,52
DA:86,52
DA:87,1
DA:88,1
DA:89,124
DA:90,124
DA:91,52
DA:92,52
DA:93,52
DA:94,124
DA:95,124
DA:96,1
DA:97,1
DA:98,55
DA:99,55
DA:100,52
DA:101,52
DA:102,52
DA:103,55
DA:104,55
DA:105,1
DA:106,1
DA:107,52
DA:108,52
DA:109,52
DA:110,52
DA:111,52
DA:112,52
DA:113,52
DA:114,52
DA:115,52
DA:116,52
DA:117,52
DA:118,52
DA:119,52
DA:120,52
DA:121,52
DA:122,52
DA:123,1
DA:124,1
DA:125,52
DA:126,52
DA:127,52
DA:128,52
DA:129,52
DA:130,52
DA:131,52
DA:132,52
DA:133,52
DA:134,1
DA:135,1
DA:136,71
DA:137,71
DA:138,71
DA:139,71
DA:140,71
DA:141,71
DA:142,0
DA:143,0
DA:144,71
DA:145,71
DA:146,0
DA:147,1
DA:148,1
DA:149,1
DA:150,1
DA:151,71
DA:152,71
DA:153,0
DA:154,1
DA:155,1
DA:156,1
DA:157,1
DA:158,71
DA:159,71
DA:160,71
DA:161,71
DA:162,1
DA:163,1
DA:164,69
DA:165,69
DA:166,69
DA:167,1
DA:168,1
DA:169,19
DA:170,19
DA:171,19
DA:172,19
DA:173,19
DA:174,19
DA:175,19
DA:176,19
DA:177,19
DA:178,19
DA:179,1
DA:180,1
DA:181,1
DA:182,1
DA:183,1
DA:184,1
DA:185,1
DA:186,1
DA:187,1
DA:188,1
DA:189,1
DA:190,1
DA:191,1
DA:192,1
DA:193,1
DA:194,1
DA:195,1
DA:196,1
DA:197,1
DA:198,1
DA:199,1
DA:200,1
DA:201,1
DA:202,1
DA:203,1
DA:204,1
DA:205,1
DA:206,1
DA:207,1
DA:208,1
DA:209,1
DA:210,1
DA:211,1
DA:212,1
DA:213,1
DA:214,1
DA:215,1
DA:216,1
DA:217,1
DA:218,1
DA:219,1
DA:220,1
DA:221,1
DA:222,1
DA:223,1
DA:224,1
DA:225,1
DA:226,3
DA:227,3
DA:228,3
DA:229,3
DA:230,3
DA:231,3
DA:232,3
DA:233,3
DA:234,3
DA:235,3
DA:236,3
DA:237,0
DA:238,0
DA:239,0
DA:240,0
DA:241,0
DA:242,3
DA:243,3
DA:244,3
DA:245,3
DA:246,1
DA:247,1
DA:248,1
DA:249,1
DA:250,1
DA:251,1
DA:252,1
DA:253,1
DA:254,1
DA:255,1
DA:256,1
DA:257,1
DA:258,1
DA:259,1
DA:260,1
DA:261,1
DA:262,1
DA:263,1
DA:264,1
DA:265,1
DA:266,1
DA:267,1
DA:268,1
DA:269,1
DA:270,1
DA:271,1
DA:272,1
DA:273,1
DA:274,1
DA:275,1
DA:276,1
DA:277,1
DA:278,1
DA:279,1
DA:280,1
DA:281,1
DA:282,1
DA:283,1
DA:284,1
DA:285,1
DA:286,1
DA:287,1
DA:288,1
DA:289,1
DA:290,1
DA:291,1
DA:292,1
DA:293,1
DA:294,1
DA:295,1
DA:296,1
DA:297,1
DA:298,1
DA:299,1
DA:300,1
DA:301,1
DA:302,1
DA:303,1
DA:304,1
DA:305,1
DA:306,1
DA:307,1
DA:308,1
DA:309,1
DA:310,1
DA:311,1
DA:312,1
DA:313,1
DA:314,1
DA:315,1
DA:316,1
DA:317,1
DA:318,1
DA:319,1
DA:320,47
DA:321,47
DA:322,47
DA:323,47
DA:324,47
DA:325,47
DA:326,47
DA:327,47
DA:328,47
DA:329,9
DA:330,9
DA:331,9
DA:332,9
DA:333,9
DA:334,9
DA:335,9
DA:336,9
DA:337,47
DA:338,47
DA:339,47
DA:340,47
DA:341,47
DA:342,47
DA:343,47
DA:344,47
DA:345,0
DA:346,0
DA:347,0
DA:348,0
DA:349,1
DA:350,1
DA:351,1
DA:352,1
DA:353,1
DA:354,1
DA:355,1
DA:356,1
DA:357,1
DA:358,1
DA:359,1
DA:360,1
LF:360
LH:347
BRDA:360,0,0,52
BRDA:18,1,0,52
BRDA:29,2,0,52
BRDA:33,3,0,52
BRDA:35,4,0,69
BRDA:41,5,0,39
BRDA:43,6,0,1
BRDA:45,7,0,1
BRDA:49,8,0,3
BRDA:56,9,0,1
BRDA:62,10,0,52
BRDA:68,11,0,1
BRDA:74,12,0,49
BRDA:79,13,0,1
BRDA:88,14,0,124
BRDA:90,15,0,52
BRDA:97,16,0,55
BRDA:99,17,0,52
BRDA:106,18,0,52
BRDA:124,19,0,52
BRDA:128,20,0,0
BRDA:135,21,0,71
BRDA:139,22,0,71
BRDA:141,23,0,0
BRDA:143,24,0,71
BRDA:145,25,0,0
BRDA:163,26,0,69
BRDA:168,27,0,19
BRDA:174,28,0,0
BRDA:225,29,0,3
BRDA:231,30,0,0
BRDA:236,31,0,0
BRDA:319,32,0,47
BRDA:328,33,0,9
BRDA:332,34,0,0
BRDA:344,35,0,0
BRF:36
BRH:28
end_of_record
TN:
SF:source/library/worker.js
FN:3,getPid
FNF:1
FNH:0
FNDA:0,getPid
DA:1,1
DA:2,1
DA:3,1
DA:4,0
DA:5,0
LF:5
LH:3
BRDA:5,0,0,41
BRF:1
BRH:1
end_of_record
TN:
SF:source/library/error/child-process-error.js
FN:3,ChildProcessError
FNF:1
FNH:1
FNDA:104,ChildProcessError
DA:1,1
DA:2,1
DA:3,1
DA:4,104
DA:5,104
DA:6,1
DA:7,1
DA:8,1
DA:9,1
LF:9
LH:9
BRDA:9,0,0,1
BRDA:3,1,0,104
BRF:2
BRH:2
end_of_record
TN:
SF:source/library/error/child-process-pool-error.js
FN:3,ChildProcessPoolError
FNF:1
FNH:1
FNDA:5,ChildProcessPoolError
DA:1,1
DA:2,1
DA:3,1
DA:4,5
DA:5,5
DA:6,1
DA:7,1
DA:8,1
DA:9,1
LF:9
LH:9
BRDA:9,0,0,1
BRDA:3,1,0,5
BRF:2
BRH:2
end_of_record
TN:
SF:source/library/error/child-process-signal-error.js
FN:5,ChildProcessSignalError
FNF:1
FNH:0
FNDA:0,ChildProcessSignalError
DA:1,1
DA:2,1
DA:3,1
DA:4,1
DA:5,1
DA:6,0
DA:7,0
DA:8,1
DA:9,1
DA:10,1
DA:11,1
LF:11
LH:9
BRDA:11,0,0,1
BRF:1
BRH:1
end_of_record
TN:
SF:source/library/error/worker-client-disconnected-error.js
FN:5,WorkerClientDisconnectedError
FNF:1
FNH:1
FNDA:51,WorkerClientDisconnectedError
DA:1,1
DA:2,1
DA:3,1
DA:4,1
DA:5,1
DA:6,51
DA:7,51
DA:8,1
DA:9,1
DA:10,1
DA:11,1
LF:11
LH:11
BRDA:11,0,0,1
BRDA:5,1,0,51
BRF:2
BRH:2
end_of_record
TN:
SF:source/library/error/worker-client-duration-exceeded-error.js
FN:5,WorkerClientDurationExceededError
FNF:1
FNH:0
FNDA:0,WorkerClientDurationExceededError
DA:1,1
DA:2,1
DA:3,1
DA:4,1
DA:5,1
DA:6,0
DA:7,0
DA:8,1
DA:9,1
DA:10,1
DA:11,1
LF:11
LH:9
BRDA:11,0,0,1
BRF:1
BRH:1
end_of_record
TN:
SF:source/library/error/worker-client-error.js
FN:5,WorkerClientError
FNF:1
FNH:1
FNDA:104,WorkerClientError
DA:1,1
DA:2,1
DA:3,1
DA:4,1
DA:5,1
DA:6,104
DA:7,104
DA:8,1
DA:9,1
DA:10,1
DA:11,1
LF:11
LH:11
BRDA:11,0,0,1
BRDA:5,1,0,104
BRF:2
BRH:2
end_of_record
TN:
SF:source/library/error/worker-client-exited-error.js
FN:5,WorkerClientExitedError
FNF:1
FNH:1
FNDA:52,WorkerClientExitedError
DA:1,1
DA:2,1
DA:3,1
DA:4,1
DA:5,1
DA:6,52
DA:7,52
DA:8,1
DA:9,1
DA:10,1
DA:11,1
LF:11
LH:11
BRDA:11,0,0,1
BRDA:5,1,0,52
BRF:2
BRH:2
end_of_record
TN:
SF:source/library/error/worker-client-internal-error.js
FN:5,WorkerClientInternalError
FN:10,get internalError
FNF:2
FNH:0
FNDA:0,WorkerClientInternalError
FNDA:0,get internalError
DA:1,1
DA:2,1
DA:3,1
DA:4,1
DA:5,1
DA:6,0
DA:7,0
DA:8,0
DA:9,1
DA:10,1
DA:11,0
DA:12,0
DA:13,1
DA:14,1
DA:15,1
DA:16,1
LF:16
LH:11
BRDA:16,0,0,1
BRF:1
BRH:1
end_of_record
TN:
SF:source/library/error/worker-client-rejected-error.js
FN:5,WorkerClientRejectedError
FNF:1
FNH:1
FNDA:104,WorkerClientRejectedError
DA:1,1
DA:2,1
DA:3,1
DA:4,1
DA:5,1
DA:6,104
DA:7,104
DA:8,1
DA:9,1
DA:10,1
DA:11,1
LF:11
LH:11
BRDA:11,0,0,1
BRDA:5,1,0,104
BRF:2
BRH:2
end_of_record
TN:
SF:source/library/error/worker-client-terminated-error.js
FN:5,WorkerClientTerminatedError
FNF:1
FNH:1
FNDA:1,WorkerClientTerminatedError
DA:1,1
DA:2,1
DA:3,1
DA:4,1
DA:5,1
DA:6,1
DA:7,1
DA:8,1
DA:9,1
DA:10,1
DA:11,1
LF:11
LH:11
BRDA:11,0,0,1
BRDA:5,1,0,1
BRF:2
BRH:2
end_of_record
TN:
SF:source/library/error/worker-pool-disconnected-error.js
FN:5,WorkerPoolDisconnectedError
FNF:1
FNH:1
FNDA:5,WorkerPoolDisconnectedError
DA:1,1
DA:2,1
DA:3,1
DA:4,1
DA:5,1
DA:6,5
DA:7,5
DA:8,1
DA:9,1
DA:10,1
DA:11,1
LF:11
LH:11
BRDA:11,0,0,1
BRDA:5,1,0,5
BRF:2
BRH:2
end_of_record
TN:
SF:source/library/error/worker-pool-error.js
FN:5,WorkerPoolError
FNF:1
FNH:1
FNDA:5,WorkerPoolError
DA:1,1
DA:2,1
DA:3,1
DA:4,1
DA:5,1
DA:6,5
DA:7,5
DA:8,1
DA:9,1
DA:10,1
DA:11,1
LF:11
LH:11
BRDA:11,0,0,1
BRDA:5,1,0,5
BRF:2
BRH:2
end_of_record
TN:
SF:source/library/error/worker-server-error.js
FN:3,WorkerServerError
FNF:1
FNH:0
FNDA:0,WorkerServerError
DA:1,1
DA:2,1
DA:3,1
DA:4,0
DA:5,0
DA:6,1
DA:7,1
DA:8,1
DA:9,1
LF:9
LH:7
BRDA:9,0,0,52
BRF:1
BRH:1
end_of_record
TN:
SF:source/library/error/worker-server-no-ipc-channel-error.js
FN:5,WorkerServerNoIPCChannelError
FNF:1
FNH:0
FNDA:0,WorkerServerNoIPCChannelError
DA:1,1
DA:2,1
DA:3,1
DA:4,1
DA:5,1
DA:6,0
DA:7,0
DA:8,1
DA:9,1
DA:10,1
DA:11,1
LF:11
LH:9
BRDA:11,0,0,52
BRF:1
BRH:1
end_of_record
TN:
SF:source/library/worker-pool/next-worker-pool.js
FN:7,NextWorkerPool
FN:14,selectProcess
FNF:2
FNH:0
FNDA:0,NextWorkerPool
FNDA:0,selectProcess
DA:1,1
DA:2,1
DA:3,1
DA:4,1
DA:5,1
DA:6,1
DA:7,1
DA:8,0
DA:9,0
DA:10,0
DA:11,0
DA:12,0
DA:13,1
DA:14,1
DA:15,0
DA:16,0
DA:17,0
DA:18,0
DA:19,0
DA:20,0
DA:21,0
DA:22,0
DA:23,0
DA:24,0
DA:25,1
DA:26,1
DA:27,1
DA:28,1
LF:28
LH:13
BRDA:28,0,0,1
BRF:1
BRH:1
end_of_record
TN:
SF:source/library/worker-pool/random-worker-pool.js
FN:7,RandomWorkerPool
FN:11,selectProcess
FNF:2
FNH:0
FNDA:0,RandomWorkerPool
FNDA:0,selectProcess
DA:1,1
DA:2,1
DA:3,1
DA:4,1
DA:5,1
DA:6,1
DA:7,1
DA:8,0
DA:9,0
DA:10,1
DA:11,1
DA:12,0
DA:13,0
DA:14,0
DA:15,0
DA:16,0
DA:17,0
DA:18,0
DA:19,0
DA:20,0
DA:21,0
DA:22,1
DA:23,1
DA:24,1
DA:25,1
LF:25
LH:13
BRDA:25,0,0,1
BRF:1
BRH:1
end_of_record
