TN:
SF:source/index.js
FNF:0
FNH:0
DA:1,1
DA:2,1
DA:3,1
DA:4,1
DA:5,1
DA:6,1
DA:7,1
DA:8,1
DA:9,1
DA:10,1
LF:10
LH:10
BRDA:10,0,0,1
BRF:1
BRH:1
end_of_record
TN:
SF:source/library/child-process-pool.js
FN:16,ChildProcessPool
FN:48,_createProcessInformation
FN:58,_createProcess
FN:62,_recreateProcess
FN:90,_attachProcess
FN:92,processInformation.process.on.processInformation._onDisconnect
FN:104,processInformation.process.on.processInformation._onError
FN:119,processInformation.process.on.processInformation._onExit
FN:138,processInformation.process.on.processInformation._onTerminate
FN:154,_detachProcess
FN:180,get defaultParameter
FN:185,get parameter
FN:189,get defaultOption
FN:196,get option
FN:200,get maximumNumberOfCreate
FN:204,get numberOfProcess
FN:208,get connectedProcess
FN:213,selectProcess
FN:215,getProcess
FN:219,writeTo
FN:246,disconnect
FN:250,signal
FN:254,kill
FN:258,onDisconnect
FN:262,onError
FN:266,onExit
FN:270,onTerminate
FNF:27
FNH:13
FNDA:2,ChildProcessPool
FNDA:14,_createProcessInformation
FNDA:0,_createProcess
FNDA:0,_recreateProcess
FNDA:14,_attachProcess
FNDA:7,processInformation.process.on.processInformation._onDisconnect
FNDA:0,processInformation.process.on.processInformation._onError
FNDA:7,processInformation.process.on.processInformation._onExit
FNDA:0,processInformation.process.on.processInformation._onTerminate
FNDA:7,_detachProcess
FNDA:2,get defaultParameter
FNDA:1,get parameter
FNDA:2,get defaultOption
FNDA:0,get option
FNDA:0,get maximumNumberOfCreate
FNDA:0,get numberOfProcess
FNDA:3,get connectedProcess
FNDA:0,selectProcess
FNDA:0,getProcess
FNDA:1,writeTo
FNDA:0,disconnect
FNDA:0,signal
FNDA:0,kill
FNDA:7,onDisconnect
FNDA:0,onError
FNDA:7,onExit
FNDA:0,onTerminate
DA:1,1
DA:2,1
DA:3,1
DA:4,1
DA:5,1
DA:6,1
DA:7,1
DA:8,1
DA:9,1
DA:10,1
DA:11,1
DA:12,1
DA:13,1
DA:14,1
DA:15,1
DA:16,1
DA:17,2
DA:18,2
DA:19,2
DA:20,2
DA:21,2
DA:22,2
DA:23,2
DA:24,2
DA:25,2
DA:26,2
DA:27,14
DA:28,14
DA:29,14
DA:30,14
DA:31,14
DA:32,14
DA:33,14
DA:34,14
DA:35,2
DA:36,2
DA:37,2
DA:38,2
DA:39,2
DA:40,2
DA:41,2
DA:42,2
DA:43,2
DA:44,2
DA:45,2
DA:46,2
DA:47,1
DA:48,1
DA:49,14
DA:50,14
DA:51,14
DA:52,14
DA:53,14
DA:54,14
DA:55,14
DA:56,14
DA:57,1
DA:58,1
DA:59,0
DA:60,0
DA:61,1
DA:62,1
DA:63,0
DA:64,0
DA:65,0
DA:66,0
DA:67,0
DA:68,0
DA:69,0
DA:70,0
DA:71,0
DA:72,0
DA:73,0
DA:74,0
DA:75,0
DA:76,0
DA:77,0
DA:78,0
DA:79,0
DA:80,0
DA:81,0
DA:82,0
DA:83,0
DA:84,0
DA:85,0
DA:86,0
DA:87,0
DA:88,0
DA:89,1
DA:90,1
DA:91,14
DA:92,14
DA:93,7
DA:94,7
DA:95,7
DA:96,7
DA:97,1
DA:98,1
DA:99,1
DA:100,1
DA:101,7
DA:102,7
DA:103,14
DA:104,14
DA:105,0
DA:106,0
DA:107,0
DA:108,0
DA:109,0
DA:110,0
DA:111,0
DA:112,1
DA:113,1
DA:114,1
DA:115,1
DA:116,0
DA:117,0
DA:118,14
DA:119,14
DA:120,7
DA:121,7
DA:122,7
DA:123,7
DA:124,7
DA:125,7
DA:126,7
DA:127,7
DA:128,0
DA:129,0
DA:130,7
DA:131,1
DA:132,1
DA:133,1
DA:134,1
DA:135,7
DA:136,7
DA:137,14
DA:138,14
DA:139,0
DA:140,0
DA:141,0
DA:142,0
DA:143,0
DA:144,0
DA:145,1
DA:146,1
DA:147,1
DA:148,1
DA:149,0
DA:150,0
DA:151,14
DA:152,14
DA:153,1
DA:154,1
DA:155,7
DA:156,7
DA:157,7
DA:158,7
DA:159,7
DA:160,7
DA:161,7
DA:162,7
DA:163,7
DA:164,7
DA:165,7
DA:166,7
DA:167,7
DA:168,7
DA:169,7
DA:170,7
DA:171,7
DA:172,7
DA:173,7
DA:174,7
DA:175,7
DA:176,7
DA:177,7
DA:178,7
DA:179,1
DA:180,1
DA:181,2
DA:182,2
DA:183,1
DA:184,1
DA:185,1
DA:186,1
DA:187,1
DA:188,1
DA:189,1
DA:190,2
DA:191,2
DA:192,2
DA:193,2
DA:194,2
DA:195,1
DA:196,1
DA:197,0
DA:198,0
DA:199,1
DA:200,1
DA:201,0
DA:202,0
DA:203,1
DA:204,1
DA:205,0
DA:206,0
DA:207,1
DA:208,1
DA:209,3
DA:210,3
DA:211,3
DA:212,1
DA:213,1
DA:214,1
DA:215,1
DA:216,0
DA:217,0
DA:218,1
DA:219,1
DA:220,1
DA:221,1
DA:222,1
DA:223,1
DA:224,1
DA:225,1
DA:226,1
DA:227,1
DA:228,1
DA:229,1
DA:230,1
DA:231,1
DA:232,1
DA:233,1
DA:234,1
DA:235,1
DA:236,1
DA:237,1
DA:238,1
DA:239,1
DA:240,1
DA:241,1
DA:242,1
DA:243,1
DA:244,1
DA:245,1
DA:246,1
DA:247,0
DA:248,0
DA:249,1
DA:250,1
DA:251,0
DA:252,0
DA:253,1
DA:254,1
DA:255,0
DA:256,0
DA:257,1
DA:258,1
DA:259,7
DA:260,7
DA:261,1
DA:262,1
DA:263,0
DA:264,0
DA:265,1
DA:266,1
DA:267,7
DA:268,7
DA:269,1
DA:270,1
DA:271,0
DA:272,0
DA:273,1
DA:274,1
DA:275,1
DA:276,1
LF:276
LH:211
BRDA:276,0,0,1
BRDA:16,1,0,2
BRDA:23,2,0,0
BRDA:26,3,0,14
BRDA:48,4,0,14
BRDA:90,5,0,14
BRDA:92,6,0,7
BRDA:98,7,0,1
BRDA:119,8,0,7
BRDA:127,9,0,0
BRDA:132,10,0,1
BRDA:154,11,0,7
BRDA:180,12,0,2
BRDA:189,13,0,2
BRDA:208,14,0,3
BRDA:210,15,0,21
BRDA:219,16,0,1
BRDA:225,17,0,1
BRDA:232,18,0,7
BRDA:258,19,0,7
BRDA:266,20,0,7
BRF:21
BRH:19
end_of_record
TN:
SF:source/library/child-process.js
FN:14,ChildProcess
FN:38,_createProcess
FN:40,_attach
FN:42,_process.on._onMessage
FN:55,_process.on._onDisconnect
FN:67,_process.on._onError
FN:83,_process.on._onExit
FN:110,_detach
FN:135,get path
FN:139,get defaultParameter
FN:144,get parameter
FN:148,get defaultOption
FN:155,get option
FN:159,get console
FN:163,get pid
FN:168,get isConnected
FN:172,writeTo
FN:200,send
FN:220,disconnect
FN:224,signal
FN:235,kill
FN:239,onMessage
FN:243,onDisconnect
FN:247,onError
FN:251,onExit
FN:255,onTerminate
FNF:26
FNH:18
FNDA:14,ChildProcess
FNDA:1,_createProcess
FNDA:14,_attach
FNDA:21,_process.on._onMessage
FNDA:7,_process.on._onDisconnect
FNDA:0,_process.on._onError
FNDA:7,_process.on._onExit
FNDA:7,_detach
FNDA:1,get path
FNDA:14,get defaultParameter
FNDA:1,get parameter
FNDA:14,get defaultOption
FNDA:84,get option
FNDA:0,get console
FNDA:0,get pid
FNDA:1,get isConnected
FNDA:7,writeTo
FNDA:14,send
FNDA:0,disconnect
FNDA:0,signal
FNDA:0,kill
FNDA:21,onMessage
FNDA:7,onDisconnect
FNDA:0,onError
FNDA:7,onExit
FNDA:0,onTerminate
DA:1,1
DA:2,1
DA:3,1
DA:4,1
DA:5,1
DA:6,1
DA:7,1
DA:8,1
DA:9,1
DA:10,1
DA:11,1
DA:12,1
DA:13,1
DA:14,1
DA:15,14
DA:16,14
DA:17,14
DA:18,14
DA:19,14
DA:20,14
DA:21,14
DA:22,14
DA:23,14
DA:24,14
DA:25,14
DA:26,14
DA:27,14
DA:28,14
DA:29,14
DA:30,14
DA:31,14
DA:32,14
DA:33,14
DA:34,14
DA:35,14
DA:36,1
DA:37,1
DA:38,1
DA:39,1
DA:40,1
DA:41,14
DA:42,14
DA:43,21
DA:44,21
DA:45,21
DA:46,21
DA:47,21
DA:48,1
DA:49,1
DA:50,1
DA:51,1
DA:52,21
DA:53,21
DA:54,14
DA:55,14
DA:56,7
DA:57,7
DA:58,7
DA:59,7
DA:60,1
DA:61,1
DA:62,1
DA:63,1
DA:64,7
DA:65,7
DA:66,14
DA:67,14
DA:68,0
DA:69,0
DA:70,0
DA:71,0
DA:72,0
DA:73,0
DA:74,1
DA:75,1
DA:76,1
DA:77,1
DA:78,0
DA:79,0
DA:80,0
DA:81,0
DA:82,14
DA:83,14
DA:84,7
DA:85,7
DA:86,7
DA:87,7
DA:88,7
DA:89,7
DA:90,7
DA:91,0
DA:92,1
DA:93,1
DA:94,1
DA:95,1
DA:96,1
DA:97,1
DA:98,7
DA:99,1
DA:100,1
DA:101,1
DA:102,1
DA:103,7
DA:104,7
DA:105,7
DA:106,7
DA:107,14
DA:108,14
DA:109,1
DA:110,1
DA:111,7
DA:112,7
DA:113,7
DA:114,7
DA:115,7
DA:116,7
DA:117,7
DA:118,7
DA:119,7
DA:120,7
DA:121,7
DA:122,7
DA:123,7
DA:124,7
DA:125,7
DA:126,7
DA:127,7
DA:128,7
DA:129,7
DA:130,7
DA:131,7
DA:132,7
DA:133,1
DA:134,1
DA:135,1
DA:136,1
DA:137,1
DA:138,1
DA:139,1
DA:140,14
DA:141,14
DA:142,1
DA:143,1
DA:144,1
DA:145,1
DA:146,1
DA:147,1
DA:148,1
DA:149,14
DA:150,14
DA:151,14
DA:152,14
DA:153,14
DA:154,1
DA:155,1
DA:156,84
DA:157,84
DA:158,1
DA:159,1
DA:160,0
DA:161,0
DA:162,1
DA:163,1
DA:164,0
DA:165,0
DA:166,1
DA:167,1
DA:168,1
DA:169,1
DA:170,1
DA:171,1
DA:172,1
DA:173,7
DA:174,7
DA:175,7
DA:176,7
DA:177,1
DA:178,1
DA:179,1
DA:180,1
DA:181,7
DA:182,7
DA:183,7
DA:184,7
DA:185,7
DA:186,7
DA:187,7
DA:188,7
DA:189,7
DA:190,7
DA:191,7
DA:192,7
DA:193,7
DA:194,7
DA:195,7
DA:196,7
DA:197,7
DA:198,7
DA:199,1
DA:200,1
DA:201,14
DA:202,14
DA:203,14
DA:204,14
DA:205,14
DA:206,14
DA:207,14
DA:208,14
DA:209,0
DA:210,0
DA:211,0
DA:212,0
DA:213,14
DA:214,14
DA:215,14
DA:216,14
DA:217,14
DA:218,14
DA:219,1
DA:220,1
DA:221,0
DA:222,0
DA:223,1
DA:224,1
DA:225,0
DA:226,0
DA:227,0
DA:228,1
DA:229,1
DA:230,1
DA:231,1
DA:232,0
DA:233,0
DA:234,1
DA:235,1
DA:236,0
DA:237,0
DA:238,1
DA:239,1
DA:240,21
DA:241,21
DA:242,1
DA:243,1
DA:244,7
DA:245,7
DA:246,1
DA:247,1
DA:248,0
DA:249,0
DA:250,1
DA:251,1
DA:252,7
DA:253,7
DA:254,1
DA:255,1
DA:256,0
DA:257,0
DA:258,1
DA:259,1
DA:260,1
DA:261,1
LF:261
LH:229
BRDA:261,0,0,1
BRDA:14,1,0,14
BRDA:40,2,0,14
BRDA:42,3,0,21
BRDA:49,4,0,1
BRDA:55,5,0,7
BRDA:61,6,0,1
BRDA:83,7,0,7
BRDA:84,8,0,0
BRDA:90,9,0,0
BRDA:100,10,0,1
BRDA:110,11,0,7
BRDA:139,12,0,14
BRDA:148,13,0,14
BRDA:155,14,0,84
BRDA:168,15,0,1
BRDA:172,16,0,7
BRDA:181,17,0,0
BRDA:200,18,0,14
BRDA:204,19,0,14
BRDA:206,20,0,14
BRDA:208,21,0,0
BRDA:239,22,0,21
BRDA:243,23,0,7
BRDA:251,24,0,7
BRF:25
BRH:21
end_of_record
TN:
SF:source/library/create-worker-server.js
FNF:0
FNH:0
DA:1,1
DA:2,1
DA:3,1
DA:4,1
DA:5,1
DA:6,1
DA:7,1
DA:8,1
DA:9,1
DA:10,1
DA:11,1
DA:12,1
DA:13,1
DA:14,1
DA:15,1
DA:16,1
DA:17,1
DA:18,1
DA:19,1
DA:20,1
DA:21,1
DA:22,1
DA:23,1
DA:24,1
DA:25,1
DA:26,1
DA:27,1
DA:28,1
DA:29,1
DA:30,1
DA:31,1
DA:32,1
DA:33,1
DA:34,1
DA:35,1
DA:36,1
DA:37,1
LF:37
LH:37
BRDA:37,0,0,14
BRDA:13,1,0,14
BRDA:30,2,0,0
BRF:3
BRH:2
end_of_record
TN:
SF:source/library/forked-process.js
FN:7,ForkedProcess
FN:11,_createProcess
FNF:2
FNH:2
FNDA:14,ForkedProcess
FNDA:14,_createProcess
DA:1,1
DA:2,1
DA:3,1
DA:4,1
DA:5,1
DA:6,1
DA:7,1
DA:8,14
DA:9,14
DA:10,1
DA:11,1
DA:12,14
DA:13,14
DA:14,1
DA:15,1
DA:16,1
DA:17,1
LF:17
LH:17
BRDA:17,0,0,1
BRDA:7,1,0,14
BRDA:11,2,0,14
BRF:3
BRH:3
end_of_record
TN:
SF:source/library/null-handler.js
FN:3,get
FNF:1
FNH:0
FNDA:0,get
DA:1,1
DA:2,1
DA:3,1
DA:4,0
DA:5,0
DA:6,1
DA:7,1
DA:8,1
DA:9,1
LF:9
LH:7
BRDA:9,0,0,1
BRF:1
BRH:1
end_of_record
TN:
SF:source/library/null.js
FN:5,Null
FNF:1
FNH:1
FNDA:23,Null
DA:1,1
DA:2,1
DA:3,1
DA:4,1
DA:5,1
DA:6,23
DA:7,23
DA:8,1
DA:9,1
DA:10,1
DA:11,1
LF:11
LH:11
BRDA:11,0,0,1
BRDA:5,1,0,23
BRF:2
BRH:2
end_of_record
TN:
SF:source/library/worker-client-module-handler.js
FN:6,get
FNF:1
FNH:0
FNDA:0,get
DA:1,1
DA:2,1
DA:3,1
DA:4,1
DA:5,1
DA:6,1
DA:7,0
DA:8,0
DA:9,0
DA:10,0
DA:11,0
DA:12,0
DA:13,0
DA:14,0
DA:15,1
DA:16,1
DA:17,1
DA:18,1
LF:18
LH:10
BRDA:18,0,0,1
BRF:1
BRH:1
end_of_record
TN:
SF:source/library/worker-client-parameter.js
FN:7,getConstructorParameter
FNF:1
FNH:1
FNDA:16,getConstructorParameter
DA:1,1
DA:2,1
DA:3,1
DA:4,1
DA:5,1
DA:6,1
DA:7,1
DA:8,16
DA:9,16
DA:10,16
DA:11,16
DA:12,16
DA:13,16
DA:14,16
DA:15,16
DA:16,1
DA:17,1
DA:18,1
DA:19,1
DA:20,16
DA:21,1
DA:22,1
DA:23,1
DA:24,0
DA:25,0
DA:26,0
DA:27,0
DA:28,1
DA:29,1
DA:30,1
DA:31,1
DA:32,1
DA:33,1
DA:34,1
DA:35,16
DA:36,0
DA:37,0
DA:38,0
DA:39,0
DA:40,0
DA:41,0
DA:42,0
DA:43,0
DA:44,0
DA:45,0
DA:46,0
DA:47,0
DA:48,0
DA:49,0
DA:50,16
DA:51,14
DA:52,14
DA:53,16
DA:54,16
DA:55,16
DA:56,16
DA:57,16
DA:58,16
DA:59,1
DA:60,1
DA:61,1
DA:62,1
LF:62
LH:44
BRDA:62,0,0,1
BRDA:7,1,0,16
BRDA:15,2,0,1
BRDA:20,3,0,1
BRDA:23,4,0,0
BRDA:35,5,0,0
BRDA:50,6,0,14
BRF:7
BRH:5
end_of_record
TN:
SF:source/library/worker-client.js
FN:20,WorkerClient
FN:30,get defaultParameter
FN:34,get defaultOption
FN:38,get maximumDuration
FN:42,set maximumDuration
FN:46,get module
FN:50,get moduleUrl
FN:54,whenReady
FN:63,whenMessageType
FN:72,onMessage
FN:95,onReject
FN:137,whenRejected
FN:145,onReject
FN:185,send
FN:200,ping
FN:205,import
FN:217,apply
FN:222,release
FN:234,end
FN:240,uncaughtException
FN:246,unhandledRejection
FN:252,disconnect
FN:257,kill
FN:262,onMessage
FN:271,onReady
FN:275,onPing
FN:279,onImport
FN:283,onApply
FN:287,onRelease
FN:291,onDisconnect
FN:296,onError
FN:301,onExit
FN:306,onTerminate
FN:311,onReject
FNF:34
FNH:18
FNDA:14,WorkerClient
FNDA:14,get defaultParameter
FNDA:14,get defaultOption
FNDA:84,get maximumDuration
FNDA:0,set maximumDuration
FNDA:0,get module
FNDA:0,get moduleUrl
FNDA:21,whenReady
FNDA:21,whenMessageType
FNDA:14,onMessage
FNDA:0,onReject
FNDA:7,whenRejected
FNDA:14,onReject
FNDA:7,send
FNDA:14,ping
FNDA:0,import
FNDA:0,apply
FNDA:0,release
FNDA:7,end
FNDA:0,uncaughtException
FNDA:0,unhandledRejection
FNDA:0,disconnect
FNDA:0,kill
FNDA:21,onMessage
FNDA:14,onReady
FNDA:7,onPing
FNDA:0,onImport
FNDA:0,onApply
FNDA:0,onRelease
FNDA:7,onDisconnect
FNDA:0,onError
FNDA:7,onExit
FNDA:0,onTerminate
FNDA:14,onReject
DA:1,1
DA:2,1
DA:3,1
DA:4,1
DA:5,1
DA:6,1
DA:7,1
DA:8,1
DA:9,1
DA:10,1
DA:11,1
DA:12,1
DA:13,1
DA:14,1
DA:15,1
DA:16,1
DA:17,1
DA:18,1
DA:19,1
DA:20,1
DA:21,14
DA:22,14
DA:23,14
DA:24,14
DA:25,14
DA:26,14
DA:27,14
DA:28,14
DA:29,1
DA:30,1
DA:31,14
DA:32,14
DA:33,1
DA:34,1
DA:35,14
DA:36,14
DA:37,1
DA:38,1
DA:39,84
DA:40,84
DA:41,1
DA:42,1
DA:43,0
DA:44,0
DA:45,1
DA:46,1
DA:47,0
DA:48,0
DA:49,1
DA:50,1
DA:51,0
DA:52,0
DA:53,1
DA:54,1
DA:55,21
DA:56,21
DA:57,14
DA:58,7
DA:59,7
DA:60,14
DA:61,14
DA:62,1
DA:63,1
DA:64,21
DA:65,21
DA:66,21
DA:67,21
DA:68,21
DA:69,21
DA:70,21
DA:71,21
DA:72,21
DA:73,14
DA:74,14
DA:75,14
DA:76,14
DA:77,14
DA:78,14
DA:79,14
DA:80,14
DA:81,14
DA:82,14
DA:83,14
DA:84,14
DA:85,14
DA:86,14
DA:87,14
DA:88,14
DA:89,14
DA:90,14
DA:91,14
DA:92,14
DA:93,14
DA:94,21
DA:95,21
DA:96,0
DA:97,0
DA:98,0
DA:99,0
DA:100,0
DA:101,0
DA:102,0
DA:103,0
DA:104,0
DA:105,0
DA:106,0
DA:107,0
DA:108,0
DA:109,0
DA:110,0
DA:111,0
DA:112,0
DA:113,21
DA:114,21
DA:115,21
DA:116,21
DA:117,7
DA:118,7
DA:119,7
DA:120,7
DA:121,7
DA:122,7
DA:123,7
DA:124,7
DA:125,7
DA:126,7
DA:127,7
DA:128,7
DA:129,21
DA:130,21
DA:131,21
DA:132,21
DA:133,21
DA:134,21
DA:135,21
DA:136,1
DA:137,1
DA:138,7
DA:139,7
DA:140,7
DA:141,7
DA:142,7
DA:143,7
DA:144,7
DA:145,7
DA:146,14
DA:147,14
DA:148,14
DA:149,14
DA:150,7
DA:151,7
DA:152,7
DA:153,7
DA:154,7
DA:155,7
DA:156,7
DA:157,7
DA:158,7
DA:159,7
DA:160,7
DA:161,7
DA:162,14
DA:163,14
DA:164,7
DA:165,7
DA:166,7
DA:167,7
DA:168,0
DA:169,0
DA:170,0
DA:171,0
DA:172,0
DA:173,0
DA:174,0
DA:175,0
DA:176,0
DA:177,7
DA:178,7
DA:179,7
DA:180,7
DA:181,7
DA:182,7
DA:183,7
DA:184,1
DA:185,1
DA:186,7
DA:187,7
DA:188,7
DA:189,7
DA:190,7
DA:191,7
DA:192,7
DA:193,0
DA:194,0
DA:195,7
DA:196,7
DA:197,7
DA:198,7
DA:199,1
DA:200,1
DA:201,14
DA:202,7
DA:203,7
DA:204,1
DA:205,1
DA:206,0
DA:207,0
DA:208,0
DA:209,0
DA:210,0
DA:211,0
DA:212,0
DA:213,0
DA:214,0
DA:215,0
DA:216,1
DA:217,1
DA:218,0
DA:219,0
DA:220,0
DA:221,1
DA:222,1
DA:223,0
DA:224,0
DA:225,0
DA:226,0
DA:227,0
DA:228,0
DA:229,0
DA:230,0
DA:231,0
DA:232,0
DA:233,1
DA:234,1
DA:235,7
DA:236,7
DA:237,7
DA:238,7
DA:239,1
DA:240,1
DA:241,0
DA:242,0
DA:243,0
DA:244,0
DA:245,1
DA:246,1
DA:247,0
DA:248,0
DA:249,0
DA:250,0
DA:251,1
DA:252,1
DA:253,0
DA:254,0
DA:255,0
DA:256,1
DA:257,1
DA:258,0
DA:259,0
DA:260,0
DA:261,1
DA:262,1
DA:263,21
DA:264,21
DA:265,21
DA:266,21
DA:267,21
DA:268,21
DA:269,21
DA:270,1
DA:271,1
DA:272,14
DA:273,14
DA:274,1
DA:275,1
DA:276,7
DA:277,7
DA:278,1
DA:279,1
DA:280,0
DA:281,0
DA:282,1
DA:283,1
DA:284,0
DA:285,0
DA:286,1
DA:287,1
DA:288,0
DA:289,0
DA:290,1
DA:291,1
DA:292,7
DA:293,7
DA:294,7
DA:295,1
DA:296,1
DA:297,0
DA:298,0
DA:299,0
DA:300,1
DA:301,1
DA:302,7
DA:303,7
DA:304,7
DA:305,1
DA:306,1
DA:307,0
DA:308,0
DA:309,0
DA:310,1
DA:311,1
DA:312,14
DA:313,14
DA:314,1
DA:315,1
DA:316,1
DA:317,1
LF:317
LH:234
BRDA:317,0,0,1
BRDA:20,1,0,14
BRDA:30,2,0,14
BRDA:34,3,0,14
BRDA:38,4,0,84
BRDA:54,5,0,21
BRDA:56,6,0,14
BRDA:57,7,0,7
BRDA:63,8,0,21
BRDA:66,9,0,21
BRDA:72,10,0,14
BRDA:116,11,0,7
BRDA:137,12,0,7
BRDA:140,13,0,7
BRDA:145,14,0,14
BRDA:149,15,0,7
BRDA:185,16,0,7
BRDA:192,17,0,0
BRDA:200,18,0,14
BRDA:201,19,0,7
BRDA:234,20,0,7
BRDA:262,21,0,21
BRDA:271,22,0,14
BRDA:275,23,0,7
BRDA:291,24,0,7
BRDA:301,25,0,7
BRDA:311,26,0,14
BRF:27
BRH:26
end_of_record
TN:
SF:source/library/worker-pool-module-handler.js
FN:5,get
FNF:1
FNH:0
FNDA:0,get
DA:1,1
DA:2,1
DA:3,1
DA:4,1
DA:5,1
DA:6,0
DA:7,0
DA:8,1
DA:9,1
DA:10,1
DA:11,1
LF:11
LH:9
BRDA:11,0,0,1
BRF:1
BRH:1
end_of_record
TN:
SF:source/library/worker-pool-parameter.js
FN:5,getConstructorParameter
FNF:1
FNH:1
FNDA:2,getConstructorParameter
DA:1,1
DA:2,1
DA:3,1
DA:4,1
DA:5,1
DA:6,2
DA:7,2
DA:8,1
DA:9,1
DA:10,1
DA:11,1
LF:11
LH:11
BRDA:11,0,0,1
BRDA:5,1,0,2
BRF:2
BRH:2
end_of_record
TN:
SF:source/library/worker-pool.js
FN:14,WorkerPool
FN:22,_createProcess
FN:26,get module
FN:30,get moduleUrl
FN:34,selectProcess
FN:39,ping
FN:58,import
FN:67,apply
FN:71,release
FN:80,end
FN:84,uncaughtException
FN:88,unhandledRejection
FN:92,disconnect
FN:96,kill
FNF:14
FNH:4
FNDA:2,WorkerPool
FNDA:14,_createProcess
FNDA:0,get module
FNDA:0,get moduleUrl
FNDA:0,selectProcess
FNDA:2,ping
FNDA:0,import
FNDA:0,apply
FNDA:0,release
FNDA:1,end
FNDA:0,uncaughtException
FNDA:0,unhandledRejection
FNDA:0,disconnect
FNDA:0,kill
DA:1,1
DA:2,1
DA:3,1
DA:4,1
DA:5,1
DA:6,1
DA:7,1
DA:8,1
DA:9,1
DA:10,1
DA:11,1
DA:12,1
DA:13,1
DA:14,1
DA:15,2
DA:16,2
DA:17,2
DA:18,2
DA:19,2
DA:20,2
DA:21,1
DA:22,1
DA:23,14
DA:24,14
DA:25,1
DA:26,1
DA:27,0
DA:28,0
DA:29,1
DA:30,1
DA:31,0
DA:32,0
DA:33,1
DA:34,1
DA:35,0
DA:36,0
DA:37,0
DA:38,1
DA:39,1
DA:40,2
DA:41,2
DA:42,2
DA:43,2
DA:44,2
DA:45,2
DA:46,1
DA:47,1
DA:48,1
DA:49,1
DA:50,1
DA:51,1
DA:52,1
DA:53,1
DA:54,1
DA:55,0
DA:56,0
DA:57,1
DA:58,1
DA:59,0
DA:60,0
DA:61,0
DA:62,0
DA:63,0
DA:64,0
DA:65,0
DA:66,1
DA:67,1
DA:68,0
DA:69,0
DA:70,1
DA:71,1
DA:72,0
DA:73,0
DA:74,0
DA:75,0
DA:76,0
DA:77,0
DA:78,0
DA:79,1
DA:80,1
DA:81,1
DA:82,1
DA:83,1
DA:84,1
DA:85,0
DA:86,0
DA:87,1
DA:88,1
DA:89,0
DA:90,0
DA:91,1
DA:92,1
DA:93,0
DA:94,0
DA:95,1
DA:96,1
DA:97,0
DA:98,0
DA:99,1
DA:100,1
DA:101,1
DA:102,1
LF:102
LH:69
BRDA:102,0,0,1
BRDA:14,1,0,2
BRDA:22,2,0,14
BRDA:39,3,0,2
BRDA:45,4,0,1
BRDA:54,5,0,0
BRDA:41,6,0,14
BRDA:43,7,0,14
BRDA:47,8,0,7
BRDA:48,9,0,7
BRDA:48,10,0,6
BRDA:48,11,0,1
BRDA:48,12,0,6
BRDA:80,13,0,1
BRDA:81,14,0,7
BRF:15
BRH:14
end_of_record
TN:
SF:source/library/worker-server.js
FN:18,WorkerServer
FN:29,get defaultOption
FN:33,attach
FN:35,Process.on._onMessage
FN:49,Process.on._onDisconnect
FN:62,Process.on._onExit
FN:88,_detachReadyInterval
FN:97,_detachDisconnect
FN:106,detach
FN:124,send
FN:152,onMessage
FN:157,onPing
FN:169,onImport
FN:214,onApply
FN:250,onRelease
FN:286,onEnd
FN:317,onUncaughtException
FN:321,onUnhandledRejection
FNF:18
FNH:13
FNDA:14,WorkerServer
FNDA:14,get defaultOption
FNDA:14,attach
FNDA:14,Process.on._onMessage
FNDA:7,Process.on._onDisconnect
FNDA:14,Process.on._onExit
FNDA:35,_detachReadyInterval
FNDA:21,_detachDisconnect
FNDA:14,detach
FNDA:21,send
FNDA:14,onMessage
FNDA:7,onPing
FNDA:0,onImport
FNDA:0,onApply
FNDA:0,onRelease
FNDA:7,onEnd
FNDA:0,onUncaughtException
FNDA:0,onUnhandledRejection
DA:1,1
DA:2,1
DA:3,1
DA:4,1
DA:5,1
DA:6,1
DA:7,1
DA:8,1
DA:9,1
DA:10,1
DA:11,1
DA:12,1
DA:13,1
DA:14,1
DA:15,1
DA:16,1
DA:17,1
DA:18,1
DA:19,14
DA:20,14
DA:21,14
DA:22,14
DA:23,14
DA:24,14
DA:25,14
DA:26,14
DA:27,14
DA:28,1
DA:29,1
DA:30,14
DA:31,14
DA:32,1
DA:33,1
DA:34,14
DA:35,14
DA:36,14
DA:37,14
DA:38,14
DA:39,14
DA:40,14
DA:41,14
DA:42,1
DA:43,1
DA:44,1
DA:45,1
DA:46,7
DA:47,7
DA:48,14
DA:49,14
DA:50,7
DA:51,7
DA:52,7
DA:53,7
DA:54,7
DA:55,1
DA:56,1
DA:57,1
DA:58,1
DA:59,7
DA:60,7
DA:61,14
DA:62,14
DA:63,14
DA:64,14
DA:65,14
DA:66,14
DA:67,1
DA:68,1
DA:69,1
DA:70,1
DA:71,14
DA:72,14
DA:73,14
DA:74,14
DA:75,14
DA:76,14
DA:77,14
DA:78,1
DA:79,1
DA:80,1
DA:81,1
DA:82,1
DA:83,14
DA:84,14
DA:85,14
DA:86,14
DA:87,1
DA:88,1
DA:89,35
DA:90,35
DA:91,14
DA:92,14
DA:93,14
DA:94,35
DA:95,35
DA:96,1
DA:97,1
DA:98,21
DA:99,21
DA:100,14
DA:101,14
DA:102,14
DA:103,21
DA:104,21
DA:105,1
DA:106,1
DA:107,14
DA:108,14
DA:109,14
DA:110,14
DA:111,14
DA:112,14
DA:113,14
DA:114,14
DA:115,14
DA:116,14
DA:117,14
DA:118,14
DA:119,14
DA:120,14
DA:121,14
DA:122,14
DA:123,1
DA:124,1
DA:125,21
DA:126,21
DA:127,21
DA:128,21
DA:129,21
DA:130,21
DA:131,0
DA:132,0
DA:133,21
DA:134,21
DA:135,0
DA:136,1
DA:137,1
DA:138,1
DA:139,1
DA:140,21
DA:141,21
DA:142,0
DA:143,1
DA:144,1
DA:145,1
DA:146,1
DA:147,21
DA:148,21
DA:149,21
DA:150,21
DA:151,1
DA:152,1
DA:153,14
DA:154,14
DA:155,14
DA:156,1
DA:157,1
DA:158,7
DA:159,7
DA:160,7
DA:161,7
DA:162,7
DA:163,7
DA:164,7
DA:165,7
DA:166,7
DA:167,7
DA:168,1
DA:169,1
DA:170,0
DA:171,0
DA:172,0
DA:173,0
DA:174,0
DA:175,0
DA:176,0
DA:177,0
DA:178,0
DA:179,0
DA:180,0
DA:181,0
DA:182,0
DA:183,0
DA:184,0
DA:185,0
DA:186,0
DA:187,0
DA:188,0
DA:189,0
DA:190,0
DA:191,0
DA:192,0
DA:193,0
DA:194,0
DA:195,0
DA:196,0
DA:197,0
DA:198,0
DA:199,0
DA:200,0
DA:201,0
DA:202,0
DA:203,0
DA:204,0
DA:205,0
DA:206,0
DA:207,0
DA:208,0
DA:209,0
DA:210,0
DA:211,0
DA:212,0
DA:213,1
DA:214,1
DA:215,0
DA:216,0
DA:217,0
DA:218,0
DA:219,0
DA:220,0
DA:221,0
DA:222,0
DA:223,0
DA:224,0
DA:225,0
DA:226,0
DA:227,0
DA:228,0
DA:229,0
DA:230,0
DA:231,0
DA:232,0
DA:233,0
DA:234,0
DA:235,0
DA:236,0
DA:237,0
DA:238,0
DA:239,0
DA:240,0
DA:241,0
DA:242,0
DA:243,0
DA:244,0
DA:245,0
DA:246,0
DA:247,0
DA:248,0
DA:249,1
DA:250,1
DA:251,0
DA:252,0
DA:253,0
DA:254,0
DA:255,0
DA:256,0
DA:257,0
DA:258,0
DA:259,0
DA:260,0
DA:261,0
DA:262,0
DA:263,0
DA:264,0
DA:265,0
DA:266,0
DA:267,0
DA:268,0
DA:269,0
DA:270,0
DA:271,0
DA:272,0
DA:273,0
DA:274,0
DA:275,0
DA:276,0
DA:277,0
DA:278,0
DA:279,0
DA:280,0
DA:281,0
DA:282,0
DA:283,0
DA:284,0
DA:285,1
DA:286,1
DA:287,7
DA:288,7
DA:289,7
DA:290,7
DA:291,0
DA:292,0
DA:293,0
DA:294,0
DA:295,0
DA:296,0
DA:297,0
DA:298,0
DA:299,0
DA:300,0
DA:301,0
DA:302,0
DA:303,0
DA:304,0
DA:305,0
DA:306,0
DA:307,0
DA:308,7
DA:309,7
DA:310,7
DA:311,7
DA:312,0
DA:313,0
DA:314,0
DA:315,0
DA:316,1
DA:317,1
DA:318,0
DA:319,0
DA:320,1
DA:321,1
DA:322,0
DA:323,0
DA:324,1
DA:325,1
DA:326,1
DA:327,1
LF:327
LH:187
BRDA:327,0,0,14
BRDA:18,1,0,14
BRDA:29,2,0,14
BRDA:33,3,0,14
BRDA:35,4,0,14
BRDA:43,5,0,1
BRDA:45,6,0,1
BRDA:49,7,0,7
BRDA:56,8,0,1
BRDA:62,9,0,14
BRDA:68,10,0,1
BRDA:74,11,0,14
BRDA:79,12,0,1
BRDA:88,13,0,35
BRDA:90,14,0,14
BRDA:97,15,0,21
BRDA:99,16,0,14
BRDA:106,17,0,14
BRDA:124,18,0,21
BRDA:128,19,0,21
BRDA:130,20,0,0
BRDA:132,21,0,21
BRDA:134,22,0,0
BRDA:152,23,0,14
BRDA:157,24,0,7
BRDA:163,25,0,0
BRDA:286,26,0,7
BRDA:290,27,0,0
BRDA:311,28,0,0
BRF:29
BRH:24
end_of_record
TN:
SF:source/library/error/child-process-error.js
FN:3,ChildProcessError
FNF:1
FNH:0
FNDA:0,ChildProcessError
DA:1,1
DA:2,1
DA:3,1
DA:4,0
DA:5,0
DA:6,1
DA:7,1
DA:8,1
DA:9,1
LF:9
LH:7
BRDA:9,0,0,1
BRF:1
BRH:1
end_of_record
TN:
SF:source/library/error/child-process-signal-error.js
FN:5,ChildProcessSignalError
FNF:1
FNH:0
FNDA:0,ChildProcessSignalError
DA:1,1
DA:2,1
DA:3,1
DA:4,1
DA:5,1
DA:6,0
DA:7,0
DA:8,1
DA:9,1
DA:10,1
DA:11,1
LF:11
LH:9
BRDA:11,0,0,1
BRF:1
BRH:1
end_of_record
TN:
SF:source/library/error/worker-client-disconnected-error.js
FN:5,WorkerClientDisconnectedError
FNF:1
FNH:1
FNDA:7,WorkerClientDisconnectedError
DA:1,1
DA:2,1
DA:3,1
DA:4,1
DA:5,1
DA:6,7
DA:7,7
DA:8,1
DA:9,1
DA:10,1
DA:11,1
LF:11
LH:11
BRDA:11,0,0,1
BRDA:5,1,0,7
BRF:2
BRH:2
end_of_record
TN:
SF:source/library/error/worker-client-duration-exceeded-error.js
FN:5,WorkerClientDurationExceededError
FNF:1
FNH:1
FNDA:7,WorkerClientDurationExceededError
DA:1,1
DA:2,1
DA:3,1
DA:4,1
DA:5,1
DA:6,7
DA:7,7
DA:8,1
DA:9,1
DA:10,1
DA:11,1
LF:11
LH:11
BRDA:11,0,0,1
BRDA:5,1,0,7
BRF:2
BRH:2
end_of_record
TN:
SF:source/library/error/worker-client-error.js
FN:3,WorkerClientError
FNF:1
FNH:1
FNDA:21,WorkerClientError
DA:1,1
DA:2,1
DA:3,1
DA:4,21
DA:5,21
DA:6,1
DA:7,1
DA:8,1
DA:9,1
LF:9
LH:9
BRDA:9,0,0,1
BRDA:3,1,0,21
BRF:2
BRH:2
end_of_record
TN:
SF:source/library/error/worker-client-exited-error.js
FN:5,WorkerClientExitedError
FNF:1
FNH:1
FNDA:7,WorkerClientExitedError
DA:1,1
DA:2,1
DA:3,1
DA:4,1
DA:5,1
DA:6,7
DA:7,7
DA:8,1
DA:9,1
DA:10,1
DA:11,1
LF:11
LH:11
BRDA:11,0,0,1
BRDA:5,1,0,7
BRF:2
BRH:2
end_of_record
TN:
SF:source/library/error/worker-client-internal-error.js
FN:5,WorkerClientInternalError
FN:10,get internalError
FNF:2
FNH:0
FNDA:0,WorkerClientInternalError
FNDA:0,get internalError
DA:1,1
DA:2,1
DA:3,1
DA:4,1
DA:5,1
DA:6,0
DA:7,0
DA:8,0
DA:9,1
DA:10,1
DA:11,0
DA:12,0
DA:13,1
DA:14,1
DA:15,1
DA:16,1
LF:16
LH:11
BRDA:16,0,0,1
BRF:1
BRH:1
end_of_record
TN:
SF:source/library/error/worker-client-rejected-error.js
FN:5,WorkerClientRejectedError
FNF:1
FNH:1
FNDA:14,WorkerClientRejectedError
DA:1,1
DA:2,1
DA:3,1
DA:4,1
DA:5,1
DA:6,14
DA:7,14
DA:8,1
DA:9,1
DA:10,1
DA:11,1
LF:11
LH:11
BRDA:11,0,0,1
BRDA:5,1,0,14
BRF:2
BRH:2
end_of_record
TN:
SF:source/library/error/worker-client-terminated-error.js
FN:5,WorkerClientTerminatedError
FNF:1
FNH:0
FNDA:0,WorkerClientTerminatedError
DA:1,1
DA:2,1
DA:3,1
DA:4,1
DA:5,1
DA:6,0
DA:7,0
DA:8,1
DA:9,1
DA:10,1
DA:11,1
LF:11
LH:9
BRDA:11,0,0,1
BRF:1
BRH:1
end_of_record
TN:
SF:source/library/error/worker-server-error.js
FN:3,WorkerServerError
FNF:1
FNH:0
FNDA:0,WorkerServerError
DA:1,1
DA:2,1
DA:3,1
DA:4,0
DA:5,0
DA:6,1
DA:7,1
DA:8,1
DA:9,1
LF:9
LH:7
BRDA:9,0,0,14
BRF:1
BRH:1
end_of_record
TN:
SF:source/library/error/worker-server-module-export-error.js
FN:7,WorkerServerModuleExportError
FNF:1
FNH:0
FNDA:0,WorkerServerModuleExportError
DA:1,1
DA:2,1
DA:3,1
DA:4,1
DA:5,1
DA:6,1
DA:7,1
DA:8,0
DA:9,0
DA:10,1
DA:11,1
DA:12,1
DA:13,1
LF:13
LH:11
BRDA:13,0,0,14
BRF:1
BRH:1
end_of_record
TN:
SF:source/library/error/worker-server-module-imported-error.js
FN:7,WorkerServerModuleImportedError
FNF:1
FNH:0
FNDA:0,WorkerServerModuleImportedError
DA:1,1
DA:2,1
DA:3,1
DA:4,1
DA:5,1
DA:6,1
DA:7,1
DA:8,0
DA:9,0
DA:10,1
DA:11,1
DA:12,1
DA:13,1
LF:13
LH:11
BRDA:13,0,0,14
BRF:1
BRH:1
end_of_record
TN:
SF:source/library/error/worker-server-no-ipc-channel-error.js
FN:5,WorkerServerNoIPCChannelError
FNF:1
FNH:0
FNDA:0,WorkerServerNoIPCChannelError
DA:1,1
DA:2,1
DA:3,1
DA:4,1
DA:5,1
DA:6,0
DA:7,0
DA:8,1
DA:9,1
DA:10,1
DA:11,1
LF:11
LH:9
BRDA:11,0,0,14
BRF:1
BRH:1
end_of_record
TN:
SF:source/library/error/worker-server-no-module-imported-error.js
FN:5,WorkerServerNoModuleImportedError
FNF:1
FNH:0
FNDA:0,WorkerServerNoModuleImportedError
DA:1,1
DA:2,1
DA:3,1
DA:4,1
DA:5,1
DA:6,0
DA:7,0
DA:8,1
DA:9,1
DA:10,1
DA:11,1
LF:11
LH:9
BRDA:11,0,0,14
BRF:1
BRH:1
end_of_record
TN:
SF:source/library/error/worker-server-uncaught-exception-error.js
FN:5,WorkerServerUncaughtExceptionError
FNF:1
FNH:0
FNDA:0,WorkerServerUncaughtExceptionError
DA:1,1
DA:2,1
DA:3,1
DA:4,1
DA:5,1
DA:6,0
DA:7,0
DA:8,1
DA:9,1
DA:10,1
DA:11,1
LF:11
LH:9
BRDA:11,0,0,14
BRF:1
BRH:1
end_of_record
TN:
SF:source/library/error/worker-server-unhandled-rejection-error.js
FN:5,WorkerServerUnhandledRejectionError
FNF:1
FNH:0
FNDA:0,WorkerServerUnhandledRejectionError
DA:1,1
DA:2,1
DA:3,1
DA:4,1
DA:5,1
DA:6,0
DA:7,0
DA:8,1
DA:9,1
DA:10,1
DA:11,1
LF:11
LH:9
BRDA:11,0,0,14
BRF:1
BRH:1
end_of_record
TN:
SF:source/library/worker-pool/next-worker-pool.js
FN:5,NextWorkerPool
FN:12,selectProcess
FNF:2
FNH:0
FNDA:0,NextWorkerPool
FNDA:0,selectProcess
DA:1,1
DA:2,1
DA:3,1
DA:4,1
DA:5,1
DA:6,0
DA:7,0
DA:8,0
DA:9,0
DA:10,0
DA:11,1
DA:12,1
DA:13,0
DA:14,0
DA:15,1
DA:16,1
DA:17,1
DA:18,1
LF:18
LH:11
BRDA:18,0,0,1
BRF:1
BRH:1
end_of_record
TN:
SF:source/library/worker-pool/random-worker-pool.js
FN:5,RandomWorkerPool
FN:9,selectProcess
FNF:2
FNH:0
FNDA:0,RandomWorkerPool
FNDA:0,selectProcess
DA:1,1
DA:2,1
DA:3,1
DA:4,1
DA:5,1
DA:6,0
DA:7,0
DA:8,1
DA:9,1
DA:10,0
DA:11,0
DA:12,1
DA:13,1
DA:14,1
DA:15,1
LF:15
LH:11
BRDA:15,0,0,1
BRF:1
BRH:1
end_of_record
